<?xml version="1.0" encoding="UTF-8"?>
<!-- Generated by org.testng.reporters.JUnitXMLReporter -->
<testsuite hostname="DESKTOP-P98867E" failures="0" tests="5" name="Default test" time="39.235" errors="0" timestamp="31 Mar 2024 18:07:57 GMT">
  <testcase classname="Nopcommerce_demo.nopcommerce" name="Registration" time="3.548"/>
  <testcase classname="Nopcommerce_demo.nopcommerce" name="bookorder" time="7.58"/>
  <testcase classname="Nopcommerce_demo.nopcommerce" name="bilingaddress" time="4.68"/>
  <testcase classname="Nopcommerce_demo.nopcommerce" name="payment" time="4.394"/>
  <testcase classname="Nopcommerce_demo.nopcommerce" name="print" time="0.01"/>
</testsuite> <!-- Default test -->
