<?xml version="1.0" encoding="UTF-8"?>
<testng-results total="5" passed="5" failed="0" skipped="0">
  <reporter-output>
  </reporter-output>
  <suite started-at="2024-03-31T18:07:18Z" name="Default suite" finished-at="2024-03-31T18:07:57Z" duration-ms="39235">
    <groups>
    </groups>
    <test started-at="2024-03-31T18:07:18Z" name="Default test" finished-at="2024-03-31T18:07:57Z" duration-ms="39235">
      <class name="Nopcommerce_demo.nopcommerce">
        <test-method is-config="true" signature="openwindow()[pri:0, instance:Nopcommerce_demo.nopcommerce@1583741e]" started-at="2024-03-31T23:37:18Z" name="openwindow" finished-at="2024-03-31T23:37:31Z" duration-ms="13804" status="PASS">
          <reporter-output>
          </reporter-output>
        </test-method> <!-- openwindow -->
        <test-method is-config="true" signature="setup()[pri:0, instance:Nopcommerce_demo.nopcommerce@1583741e]" started-at="2024-03-31T23:37:32Z" name="setup" finished-at="2024-03-31T23:37:32Z" duration-ms="614" status="PASS">
          <reporter-output>
          </reporter-output>
        </test-method> <!-- setup -->
        <test-method signature="Registration()[pri:0, instance:Nopcommerce_demo.nopcommerce@1583741e]" started-at="2024-03-31T23:37:32Z" name="Registration" finished-at="2024-03-31T23:37:36Z" duration-ms="3548" status="PASS">
          <reporter-output>
          </reporter-output>
        </test-method> <!-- Registration -->
        <test-method signature="bookorder()[pri:1, instance:Nopcommerce_demo.nopcommerce@1583741e]" started-at="2024-03-31T23:37:36Z" name="bookorder" finished-at="2024-03-31T23:37:43Z" duration-ms="7580" status="PASS">
          <reporter-output>
          </reporter-output>
        </test-method> <!-- bookorder -->
        <test-method signature="bilingaddress()[pri:2, instance:Nopcommerce_demo.nopcommerce@1583741e]" started-at="2024-03-31T23:37:43Z" name="bilingaddress" finished-at="2024-03-31T23:37:48Z" duration-ms="4680" status="PASS">
          <reporter-output>
          </reporter-output>
        </test-method> <!-- bilingaddress -->
        <test-method signature="payment()[pri:3, instance:Nopcommerce_demo.nopcommerce@1583741e]" started-at="2024-03-31T23:37:48Z" name="payment" finished-at="2024-03-31T23:37:52Z" duration-ms="4394" status="PASS">
          <reporter-output>
          </reporter-output>
        </test-method> <!-- payment -->
        <test-method signature="print()[pri:4, instance:Nopcommerce_demo.nopcommerce@1583741e]" started-at="2024-03-31T23:37:52Z" name="print" finished-at="2024-03-31T23:37:52Z" duration-ms="10" status="PASS">
          <reporter-output>
          </reporter-output>
        </test-method> <!-- print -->
        <test-method is-config="true" signature="end()[pri:0, instance:Nopcommerce_demo.nopcommerce@1583741e]" started-at="2024-03-31T23:37:52Z" name="end" finished-at="2024-03-31T23:37:54Z" duration-ms="1473" status="PASS">
          <reporter-output>
          </reporter-output>
        </test-method> <!-- end -->
        <test-method is-config="true" signature="windowclose()[pri:0, instance:Nopcommerce_demo.nopcommerce@1583741e]" started-at="2024-03-31T23:37:54Z" name="windowclose" finished-at="2024-03-31T23:37:57Z" duration-ms="2999" status="PASS">
          <reporter-output>
          </reporter-output>
        </test-method> <!-- windowclose -->
      </class> <!-- Nopcommerce_demo.nopcommerce -->
    </test> <!-- Default test -->
  </suite> <!-- Default suite -->
</testng-results>
